<?xml version="1.0" encoding="UTF-8"?>
<testsuite name="GameTest" tests="1" skipped="0" failures="0" errors="0" timestamp="2020-01-07T15:47:45" hostname="cli233-35.wireless-s.units.it" time="0.011">
  <properties/>
  <testcase name="testNonAdjacentCellThrowsNonAdjacentException" classname="GameTest" time="0.011"/>
  <system-out><![CDATA[]]></system-out>
  <system-err><![CDATA[]]></system-err>
</testsuite>
