<?xml version="1.0" encoding="UTF-8"?>
<testsuite name="GameTest" tests="7" skipped="0" failures="0" errors="0" timestamp="2020-01-07T15:00:33" hostname="cli233-35.wireless-s.units.it" time="0.015">
  <properties/>
  <testcase name="testNextPlayer" classname="GameTest" time="0.006"/>
  <testcase name="testOccupiedCellToStringReturnsPreviousBoard" classname="GameTest" time="0.005"/>
  <testcase name="whenXOutsideBoardThenOutOfBoundsException" classname="GameTest" time="0.001"/>
  <testcase name="whenYOutsideBoardThenOutOfBoundsException" classname="GameTest" time="0.001"/>
  <testcase name="isSizeEightBoardEmpty" classname="GameTest" time="0.0"/>
  <testcase name="isSizeTenBoardEmpty" classname="GameTest" time="0.0"/>
  <testcase name="checkFirstMove" classname="GameTest" time="0.001"/>
  <system-out><![CDATA[Cell [1, 1] is already occupied!
11 is out of bounds!
11 is out of bounds!
]]></system-out>
  <system-err><![CDATA[]]></system-err>
</testsuite>
