<?xml version="1.0" encoding="UTF-8"?>
<testsuite name="test.game.MoverTest" tests="1" skipped="0" failures="0" errors="0" timestamp="2020-01-21T14:02:06" hostname="MacBook-Pro-di-Nicola-2.local" time="0.027">
  <properties/>
  <testcase name="checkFirstMove" classname="test.game.MoverTest" time="0.027"/>
  <system-out><![CDATA[]]></system-out>
  <system-err><![CDATA[]]></system-err>
</testsuite>
