<?xml version="1.0" encoding="UTF-8"?>
<testsuite name="test.input.InputReaderTest" tests="1" skipped="0" failures="0" errors="0" timestamp="2020-01-15T19:40:47" hostname="cli232-178.wireless-s.units.it" time="0.011">
  <properties/>
  <testcase name="playFirstCell" classname="test.input.InputReaderTest" time="0.011"/>
  <system-out><![CDATA[]]></system-out>
  <system-err><![CDATA[]]></system-err>
</testsuite>
