<?xml version="1.0" encoding="UTF-8"?>
<testsuite name="test.winning.WinnerTest" tests="5" skipped="0" failures="0" errors="0" timestamp="2020-01-18T11:36:51" hostname="MacBook-Pro-di-Nicola-2.local" time="0.087">
  <properties/>
  <testcase name="blackScoreis23" classname="test.winning.WinnerTest" time="0.045"/>
  <testcase name="whiteScoreis15" classname="test.winning.WinnerTest" time="0.005"/>
  <testcase name="blackScoreIsTheSameAsWhite" classname="test.winning.WinnerTest" time="0.013"/>
  <testcase name="theGameIsDrawn" classname="test.winning.WinnerTest" time="0.015"/>
  <testcase name="blackIsWinner" classname="test.winning.WinnerTest" time="0.006"/>
  <system-out><![CDATA[]]></system-out>
  <system-err><![CDATA[]]></system-err>
</testsuite>
