<?xml version="1.0" encoding="UTF-8"?>
<testsuite name="test.input.UserInputTest" tests="7" skipped="0" failures="0" errors="0" timestamp="2020-01-17T14:46:59" hostname="cli232-178.wireless-s.units.it" time="0.018">
  <properties/>
  <testcase name="whenNotIntegerInputAnExceptionIsCaught" classname="test.input.UserInputTest" time="0.008"/>
  <testcase name="getMoveWorksWithBoardWithSizeDifferentThanTen" classname="test.input.UserInputTest" time="0.001"/>
  <testcase name="whenSingleInputAnExceptionIsCaught" classname="test.input.UserInputTest" time="0.0"/>
  <testcase name="testUserInputForGettingBoardSize" classname="test.input.UserInputTest" time="0.002"/>
  <testcase name="playFirstCell" classname="test.input.UserInputTest" time="0.0"/>
  <testcase name="whenOutOfBoundsAnExceptionIsCaught" classname="test.input.UserInputTest" time="0.001"/>
  <testcase name="testWhenBoardSizeIsLessThanFourException" classname="test.input.UserInputTest" time="0.004"/>
  <system-out><![CDATA[Insert two integers separated by whitespace!
You must insert two numbers in the range 1-10!
Index 1 out of bounds for length 1
You must insert two numbers in the range 1-10!
]]></system-out>
  <system-err><![CDATA[]]></system-err>
</testsuite>
