<?xml version="1.0" encoding="UTF-8"?>
<testsuite name="test.game.BoardTest" tests="2" skipped="0" failures="0" errors="0" timestamp="2020-01-21T11:01:53" hostname="cli224-251.wireless-s.units.it" time="0.016">
  <properties/>
  <testcase name="isSizeEightBoardEmpty" classname="test.game.BoardTest" time="0.014"/>
  <testcase name="isSizeTenBoardEmpty" classname="test.game.BoardTest" time="0.001"/>
  <system-out><![CDATA[]]></system-out>
  <system-err><![CDATA[]]></system-err>
</testsuite>
