<?xml version="1.0" encoding="UTF-8"?>
<testsuite name="test.game.FreedomMoveTest" tests="2" skipped="0" failures="0" errors="0" timestamp="2020-01-16T17:29:09" hostname="LAPTOP-1KLMQELM" time="0.016">
  <properties/>
  <testcase name="testNextMoveIsFreedom" classname="test.game.FreedomMoveTest" time="0.015"/>
  <testcase name="testNextMoveIsFreedomBorder" classname="test.game.FreedomMoveTest" time="0.0"/>
  <system-out><![CDATA[]]></system-out>
  <system-err><![CDATA[]]></system-err>
</testsuite>
