<?xml version="1.0" encoding="UTF-8"?>
<testsuite name="winningtest.RetrieveQuadrupletsTest" tests="1" skipped="0" failures="0" errors="0" timestamp="2020-01-12T21:08:55" hostname="MacBook-Pro-di-Niccolo.local" time="0.008">
  <properties/>
  <testcase name="testAllHorizontalVerticalQuadrupletsAreSet" classname="winningtest.RetrieveQuadrupletsTest" time="0.008"/>
  <system-out><![CDATA[]]></system-out>
  <system-err><![CDATA[]]></system-err>
</testsuite>
