<?xml version="1.0" encoding="UTF-8"?>
<testsuite name="winningtest.RetrieveQuadrupletsTest" tests="1" skipped="0" failures="0" errors="0" timestamp="2020-01-11T14:26:47" hostname="MacBook-Pro-di-Niccolo.local" time="0.003">
  <properties/>
  <testcase name="doINeedToCheckHorizontalQuadrupletsElementOneOne" classname="winningtest.RetrieveQuadrupletsTest" time="0.003"/>
  <system-out><![CDATA[]]></system-out>
  <system-err><![CDATA[]]></system-err>
</testsuite>
