<?xml version="1.0" encoding="UTF-8"?>
<testsuite name="winningtest.QuadrupletsTest" tests="1" skipped="0" failures="0" errors="0" timestamp="2020-01-12T22:30:44" hostname="MacBook-Pro-di-Niccolo.local" time="0.01">
  <properties/>
  <testcase name="testAllHorizontalVerticalDiagonalQuadrupletsAreSet" classname="winningtest.QuadrupletsTest" time="0.01"/>
  <system-out><![CDATA[]]></system-out>
  <system-err><![CDATA[]]></system-err>
</testsuite>
