<?xml version="1.0" encoding="UTF-8"?>
<testsuite name="test.input.InputReaderTest" tests="1" skipped="0" failures="0" errors="0" timestamp="2020-01-16T08:47:22" hostname="cli232-178.wireless-s.units.it" time="0.016">
  <properties/>
  <testcase name="whenSingleInputAnExceptionIsCaught" classname="test.input.InputReaderTest" time="0.016"/>
  <system-out><![CDATA[Index 1 out of bounds for length 1
]]></system-out>
  <system-err><![CDATA[]]></system-err>
</testsuite>
