<?xml version="1.0" encoding="UTF-8"?>
<testsuite name="test.winning.WinnerTest" tests="5" skipped="0" failures="0" errors="0" timestamp="2020-01-21T13:41:13" hostname="MacBook-Pro-di-Nicola-2.local" time="0.048">
  <properties/>
  <testcase name="blackScoreis23" classname="test.winning.WinnerTest" time="0.027"/>
  <testcase name="whiteScoreis15" classname="test.winning.WinnerTest" time="0.005"/>
  <testcase name="blackScoreIsTheSameAsWhite" classname="test.winning.WinnerTest" time="0.005"/>
  <testcase name="theGameIsDrawn" classname="test.winning.WinnerTest" time="0.005"/>
  <testcase name="blackIsWinner" classname="test.winning.WinnerTest" time="0.003"/>
  <system-out><![CDATA[]]></system-out>
  <system-err><![CDATA[]]></system-err>
</testsuite>
