<?xml version="1.0" encoding="UTF-8"?>
<testsuite name="winningtest.RetrieveQuadrupletsTest" tests="3" skipped="0" failures="0" errors="0" timestamp="2020-01-11T15:02:57" hostname="MacBook-Pro-di-Niccolo.local" time="0.006">
  <properties/>
  <testcase name="doINeedToCheckVerticalQuadrupletElementZeroZero" classname="winningtest.RetrieveQuadrupletsTest" time="0.005"/>
  <testcase name="doINeedToCheckHorizontalQuadrupletElementZeroZero" classname="winningtest.RetrieveQuadrupletsTest" time="0.0"/>
  <testcase name="doINeedToCheckDiagonalQuadrupletElementZeroZero" classname="winningtest.RetrieveQuadrupletsTest" time="0.0"/>
  <system-out><![CDATA[]]></system-out>
  <system-err><![CDATA[]]></system-err>
</testsuite>
