<?xml version="1.0" encoding="UTF-8"?>
<testsuite name="FreedomMoveTest" tests="2" skipped="0" failures="0" errors="0" timestamp="2020-01-09T09:19:17" hostname="cli224-175.wireless-s.units.it" time="0.014">
  <properties/>
  <testcase name="testNextMoveIsFreedom" classname="FreedomMoveTest" time="0.013"/>
  <testcase name="testNextMoveIsFreedomBorder" classname="FreedomMoveTest" time="0.0"/>
  <system-out><![CDATA[]]></system-out>
  <system-err><![CDATA[]]></system-err>
</testsuite>
