<?xml version="1.0" encoding="UTF-8"?>
<testsuite name="AntiDiagonalTest" tests="3" skipped="0" failures="0" errors="0" timestamp="2020-01-10T17:49:39" hostname="cli-10-105-6-29.wireless-s.units.it" time="0.004">
  <properties/>
  <testcase name="thirdUpperDiagonalExtractor" classname="AntiDiagonalTest" time="0.003"/>
  <testcase name="thirdLowerDiagonalExtractor" classname="AntiDiagonalTest" time="0.001"/>
  <testcase name="mainDiagonalExtractor" classname="AntiDiagonalTest" time="0.0"/>
  <system-out><![CDATA[]]></system-out>
  <system-err><![CDATA[]]></system-err>
</testsuite>
