<?xml version="1.0" encoding="UTF-8"?>
<testsuite name="GameTest" tests="5" skipped="0" failures="0" errors="0" timestamp="2020-01-06T15:04:37" hostname="LAPTOP-1KLMQELM" time="0.027">
  <properties/>
  <testcase name="checkOneMove" classname="GameTest" time="0.014"/>
  <testcase name="isEmptyBoard10" classname="GameTest" time="0.0"/>
  <testcase name="isEmptyBoard8" classname="GameTest" time="0.0"/>
  <testcase name="whenXOutsideBoardThenOutOfBoundsException" classname="GameTest" time="0.006"/>
  <testcase name="whenYOutsideBoardThenOutOfBoundsException" classname="GameTest" time="0.004"/>
  <system-out><![CDATA[11 is out of bound!
11 is out of bound!
]]></system-out>
  <system-err><![CDATA[]]></system-err>
</testsuite>
