<?xml version="1.0" encoding="UTF-8"?>
<testsuite name="winningtest.WinnerTest" tests="5" skipped="0" failures="0" errors="0" timestamp="2020-01-15T08:49:03" hostname="LAPTOP-1KLMQELM" time="0.055">
  <properties/>
  <testcase name="blackScoreis23" classname="winningtest.WinnerTest" time="0.031"/>
  <testcase name="whiteScoreis15" classname="winningtest.WinnerTest" time="0.004"/>
  <testcase name="blackScoreIsTheSameAsWhite" classname="winningtest.WinnerTest" time="0.006"/>
  <testcase name="theGameIsDrawn" classname="winningtest.WinnerTest" time="0.008"/>
  <testcase name="blackIsWinner" classname="winningtest.WinnerTest" time="0.006"/>
  <system-out><![CDATA[]]></system-out>
  <system-err><![CDATA[]]></system-err>
</testsuite>
