<?xml version="1.0" encoding="UTF-8"?>
<testsuite name="FreedomTest" tests="2" skipped="0" failures="0" errors="0" timestamp="2020-01-08T21:58:01" hostname="LAPTOP-1KLMQELM" time="0.016">
  <properties/>
  <testcase name="testNextMoveIsFreedom" classname="FreedomTest" time="0.015"/>
  <testcase name="testNextMoveIsFreedomBorder" classname="FreedomTest" time="0.0"/>
  <system-out><![CDATA[]]></system-out>
  <system-err><![CDATA[]]></system-err>
</testsuite>
