<?xml version="1.0" encoding="UTF-8"?>
<testsuite name="test.input.UserInputTest" tests="1" skipped="0" failures="0" errors="0" timestamp="2020-01-16T16:20:07" hostname="LAPTOP-1KLMQELM" time="0.021">
  <properties/>
  <testcase name="whenNotIntegerInputAnExceptionIsCaught" classname="test.input.UserInputTest" time="0.021"/>
  <system-out><![CDATA[For input string: "e"
null
]]></system-out>
  <system-err><![CDATA[]]></system-err>
</testsuite>
