<?xml version="1.0" encoding="UTF-8"?>
<testsuite name="winningtest.WinnerTest" tests="5" skipped="0" failures="0" errors="0" timestamp="2020-01-14T15:57:37" hostname="LAPTOP-1KLMQELM" time="0.057">
  <properties/>
  <testcase name="blackScoreis23" classname="winningtest.WinnerTest" time="0.034"/>
  <testcase name="whiteScoreis15" classname="winningtest.WinnerTest" time="0.004"/>
  <testcase name="blackScoreIsTheSameAsWhite" classname="winningtest.WinnerTest" time="0.007"/>
  <testcase name="theGameIsDrawn" classname="winningtest.WinnerTest" time="0.005"/>
  <testcase name="blackIsWinner" classname="winningtest.WinnerTest" time="0.005"/>
  <system-out><![CDATA[]]></system-out>
  <system-err><![CDATA[]]></system-err>
</testsuite>
