<?xml version="1.0" encoding="UTF-8"?>
<testsuite name="WinTest" tests="2" skipped="0" failures="0" errors="0" timestamp="2020-01-10T09:09:34" hostname="cli233-35.wireless-s.units.it" time="0.008">
  <properties/>
  <testcase name="testVerticalBlackCount" classname="WinTest" time="0.007"/>
  <testcase name="testHorizontalBlackCount" classname="WinTest" time="0.0"/>
  <system-out><![CDATA[]]></system-out>
  <system-err><![CDATA[]]></system-err>
</testsuite>
