<?xml version="1.0" encoding="UTF-8"?>
<testsuite name="winningtest.QuadrupletsTest" tests="4" skipped="0" failures="0" errors="0" timestamp="2020-01-14T10:43:29" hostname="LAPTOP-1KLMQELM" time="0.034">
  <properties/>
  <testcase name="testAllHorizontalQuadrupletsAreSet" classname="winningtest.QuadrupletsTest" time="0.022"/>
  <testcase name="testAllHorizontalVerticalQuadrupletsAreSet" classname="winningtest.QuadrupletsTest" time="0.003"/>
  <testcase name="testAllHorizontalVerticalDiagonalQuadrupletsAreSet" classname="winningtest.QuadrupletsTest" time="0.004"/>
  <testcase name="testAllHorizontalVerticalDiagonalAntiQuadrupletsAreSet" classname="winningtest.QuadrupletsTest" time="0.004"/>
  <system-out><![CDATA[]]></system-out>
  <system-err><![CDATA[]]></system-err>
</testsuite>
