<?xml version="1.0" encoding="UTF-8"?>
<testsuite name="winningtest.RetrieveQuadrupletsTest" tests="2" skipped="0" failures="0" errors="0" timestamp="2020-01-11T14:37:55" hostname="MacBook-Pro-di-Niccolo.local" time="0.003">
  <properties/>
  <testcase name="doINeedToCheckHorizontalQuadrupletsElementZeroZero" classname="winningtest.RetrieveQuadrupletsTest" time="0.002"/>
  <testcase name="doINeedToCheckVerticalQuadrupletsElementZeroZero" classname="winningtest.RetrieveQuadrupletsTest" time="0.0"/>
  <system-out><![CDATA[]]></system-out>
  <system-err><![CDATA[]]></system-err>
</testsuite>
