<?xml version="1.0" encoding="UTF-8"?>
<testsuite name="test.winning.QuadrupletsTest" tests="4" skipped="0" failures="0" errors="0" timestamp="2020-01-16T19:53:02" hostname="LAPTOP-1KLMQELM" time="0.046">
  <properties/>
  <testcase name="testAllHorizontalQuadrupletsAreSet" classname="test.winning.QuadrupletsTest" time="0.026"/>
  <testcase name="testAllHorizontalVerticalQuadrupletsAreSet" classname="test.winning.QuadrupletsTest" time="0.005"/>
  <testcase name="testAllHorizontalVerticalDiagonalQuadrupletsAreSet" classname="test.winning.QuadrupletsTest" time="0.005"/>
  <testcase name="testAllHorizontalVerticalDiagonalAntiQuadrupletsAreSet" classname="test.winning.QuadrupletsTest" time="0.007"/>
  <system-out><![CDATA[]]></system-out>
  <system-err><![CDATA[]]></system-err>
</testsuite>
