<?xml version="1.0" encoding="UTF-8"?>
<testsuite name="GameTest" tests="2" skipped="0" failures="0" errors="0" timestamp="2020-01-06T10:13:26" hostname="LAPTOP-1KLMQELM" time="0.008">
  <properties/>
  <testcase name="isEmptyBoard10" classname="GameTest" time="0.006"/>
  <testcase name="isEmptyBoard8" classname="GameTest" time="0.001"/>
  <system-out><![CDATA[]]></system-out>
  <system-err><![CDATA[]]></system-err>
</testsuite>
