<?xml version="1.0" encoding="UTF-8"?>
<testsuite name="winningtest.QuadrupletsTest" tests="4" skipped="0" failures="0" errors="0" timestamp="2020-01-14T16:47:28" hostname="cli-10-105-11-85.wireless-s.units.it" time="0.021">
  <properties/>
  <testcase name="testAllHorizontalQuadrupletsAreSet" classname="winningtest.QuadrupletsTest" time="0.011"/>
  <testcase name="testAllHorizontalVerticalQuadrupletsAreSet" classname="winningtest.QuadrupletsTest" time="0.003"/>
  <testcase name="testAllHorizontalVerticalDiagonalQuadrupletsAreSet" classname="winningtest.QuadrupletsTest" time="0.003"/>
  <testcase name="testAllHorizontalVerticalDiagonalAntiQuadrupletsAreSet" classname="winningtest.QuadrupletsTest" time="0.003"/>
  <system-out><![CDATA[]]></system-out>
  <system-err><![CDATA[]]></system-err>
</testsuite>
