<?xml version="1.0" encoding="UTF-8"?>
<testsuite name="test.winning.QuadrupletsTest" tests="1" skipped="0" failures="0" errors="0" timestamp="2020-01-22T08:40:19" hostname="cli224-213.wireless-s.units.it" time="0.022">
  <properties/>
  <testcase name="testAllHorizontalVerticalDiagonalAntiQuadrupletsAreSet" classname="test.winning.QuadrupletsTest" time="0.022"/>
  <system-out><![CDATA[]]></system-out>
  <system-err><![CDATA[]]></system-err>
</testsuite>
