<?xml version="1.0" encoding="UTF-8"?>
<testsuite name="winningtest.QuadrupletsTest" tests="4" skipped="0" failures="0" errors="0" timestamp="2020-01-14T10:48:51" hostname="LAPTOP-1KLMQELM" time="0.069">
  <properties/>
  <testcase name="testAllHorizontalQuadrupletsAreSet" classname="winningtest.QuadrupletsTest" time="0.012"/>
  <testcase name="testAllHorizontalVerticalQuadrupletsAreSet" classname="winningtest.QuadrupletsTest" time="0.003"/>
  <testcase name="testAllHorizontalVerticalDiagonalQuadrupletsAreSet" classname="winningtest.QuadrupletsTest" time="0.046"/>
  <testcase name="testAllHorizontalVerticalDiagonalAntiQuadrupletsAreSet" classname="winningtest.QuadrupletsTest" time="0.007"/>
  <system-out><![CDATA[]]></system-out>
  <system-err><![CDATA[]]></system-err>
</testsuite>
