<?xml version="1.0" encoding="UTF-8"?>
<testsuite name="winningtest.WinnerTest" tests="3" skipped="0" failures="0" errors="0" timestamp="2020-01-14T14:12:24" hostname="LAPTOP-1KLMQELM" time="0.045">
  <properties/>
  <testcase name="blackScoreis23" classname="winningtest.WinnerTest" time="0.033"/>
  <testcase name="whiteScoreis15" classname="winningtest.WinnerTest" time="0.004"/>
  <testcase name="blackIsWinner" classname="winningtest.WinnerTest" time="0.006"/>
  <system-out><![CDATA[]]></system-out>
  <system-err><![CDATA[]]></system-err>
</testsuite>
