<?xml version="1.0" encoding="UTF-8"?>
<testsuite name="test.input.UserInputTest" tests="7" skipped="0" failures="0" errors="0" timestamp="2020-01-18T11:39:44" hostname="MacBook-Pro-di-Nicola-2.local" time="0.06">
  <properties/>
  <testcase name="whenNotIntegerInputAnExceptionIsCaught" classname="test.input.UserInputTest" time="0.014"/>
  <testcase name="getMoveWorksWithBoardWithSizeDifferentThanTen" classname="test.input.UserInputTest" time="0.009"/>
  <testcase name="whenSingleInputAnExceptionIsCaught" classname="test.input.UserInputTest" time="0.003"/>
  <testcase name="testUserInputForGettingBoardSize" classname="test.input.UserInputTest" time="0.007"/>
  <testcase name="playFirstCell" classname="test.input.UserInputTest" time="0.002"/>
  <testcase name="whenOutOfBoundsAnExceptionIsCaught" classname="test.input.UserInputTest" time="0.004"/>
  <testcase name="testWhenBoardSizeIsLessThanFourException" classname="test.input.UserInputTest" time="0.016"/>
  <system-out><![CDATA[Insert two integers separated by whitespace!
You must insert two numbers in the range 1-10!
Index 1 out of bounds for length 1
You must insert two numbers in the range 1-10!
]]></system-out>
  <system-err><![CDATA[]]></system-err>
</testsuite>
