<?xml version="1.0" encoding="UTF-8"?>
<testsuite name="test.input.InputStringTest" tests="1" skipped="0" failures="0" errors="0" timestamp="2020-01-20T16:27:12" hostname="LAPTOP-1KLMQELM" time="0.004">
  <properties/>
  <testcase name="whenPassMessageIsRightThanNoException" classname="test.input.InputStringTest" time="0.004"/>
  <system-out><![CDATA[]]></system-out>
  <system-err><![CDATA[]]></system-err>
</testsuite>
