<?xml version="1.0" encoding="UTF-8"?>
<testsuite name="winningtest.QuadrupletsTest" tests="1" skipped="0" failures="0" errors="0" timestamp="2020-01-13T11:32:55" hostname="MBP-di-Niccolo.homenet.telecomitalia.it" time="0.01">
  <properties/>
  <testcase name="testAllHorizontalVerticalDiagonalAntiQuadrupletsAreSet" classname="winningtest.QuadrupletsTest" time="0.01"/>
  <system-out><![CDATA[]]></system-out>
  <system-err><![CDATA[]]></system-err>
</testsuite>
