<?xml version="1.0" encoding="UTF-8"?>
<testsuite name="test" tests="1" skipped="0" failures="0" errors="0" timestamp="2019-12-16T15:30:19" hostname="cli234-237.wireless-s.units.it" time="0.006">
  <properties/>
  <testcase name="test1" classname="test" time="0.006"/>
  <system-out><![CDATA[Test 1 works
]]></system-out>
  <system-err><![CDATA[]]></system-err>
</testsuite>
