<?xml version="1.0" encoding="UTF-8"?>
<testsuite name="WinTest" tests="3" skipped="0" failures="0" errors="0" timestamp="2020-01-10T09:24:21" hostname="cli233-35.wireless-s.units.it" time="0.01">
  <properties/>
  <testcase name="testVerticalBlackCount" classname="WinTest" time="0.007"/>
  <testcase name="testHorizontalBlackCount" classname="WinTest" time="0.001"/>
  <testcase name="testTotalBlackCount" classname="WinTest" time="0.002"/>
  <system-out><![CDATA[]]></system-out>
  <system-err><![CDATA[]]></system-err>
</testsuite>
