<?xml version="1.0" encoding="UTF-8"?>
<testsuite name="WinTest" tests="4" skipped="0" failures="0" errors="0" timestamp="2020-01-10T11:04:15" hostname="LAPTOP-1KLMQELM" time="0.015">
  <properties/>
  <testcase name="testVerticalBlackCount" classname="WinTest" time="0.008"/>
  <testcase name="testHorizontalBlackCount" classname="WinTest" time="0.001"/>
  <testcase name="testDiagonalBlackCount" classname="WinTest" time="0.002"/>
  <testcase name="testTotalBlackCount" classname="WinTest" time="0.003"/>
  <system-out><![CDATA[]]></system-out>
  <system-err><![CDATA[]]></system-err>
</testsuite>
