<?xml version="1.0" encoding="UTF-8"?>
<testsuite name="test.input.InputReaderTest" tests="1" skipped="0" failures="0" errors="0" timestamp="2020-01-15T10:53:57" hostname="LAPTOP-1KLMQELM" time="0.009">
  <properties/>
  <testcase name="playFirstCell" classname="test.input.InputReaderTest" time="0.009"/>
  <system-out><![CDATA[]]></system-out>
  <system-err><![CDATA[]]></system-err>
</testsuite>
