<?xml version="1.0" encoding="UTF-8"?>
<testsuite name="winningtest.QuadrupletsTest" tests="4" skipped="0" failures="0" errors="0" timestamp="2020-01-14T17:14:20" hostname="cli-10-105-11-85.wireless-s.units.it" time="0.022">
  <properties/>
  <testcase name="testAllHorizontalQuadrupletsAreSet" classname="winningtest.QuadrupletsTest" time="0.01"/>
  <testcase name="testAllHorizontalVerticalQuadrupletsAreSet" classname="winningtest.QuadrupletsTest" time="0.004"/>
  <testcase name="testAllHorizontalVerticalDiagonalQuadrupletsAreSet" classname="winningtest.QuadrupletsTest" time="0.004"/>
  <testcase name="testAllHorizontalVerticalDiagonalAntiQuadrupletsAreSet" classname="winningtest.QuadrupletsTest" time="0.004"/>
  <system-out><![CDATA[]]></system-out>
  <system-err><![CDATA[]]></system-err>
</testsuite>
