<?xml version="1.0" encoding="UTF-8"?>
<testsuite name="test.game.MoverTest" tests="3" skipped="0" failures="0" errors="0" timestamp="2020-01-21T14:32:54" hostname="LAPTOP-1KLMQELM" time="0.048">
  <properties/>
  <testcase name="testOccupiedCellToStringReturnsPreviousBoard" classname="test.game.MoverTest" time="0.034"/>
  <testcase name="testNonAdjacentCellToStringReturnsPreviousBoard" classname="test.game.MoverTest" time="0.001"/>
  <testcase name="checkFirstMove" classname="test.game.MoverTest" time="0.013"/>
  <system-out><![CDATA[]]></system-out>
  <system-err><![CDATA[]]></system-err>
</testsuite>
