<?xml version="1.0" encoding="UTF-8"?>
<testsuite name="GameTest" tests="1" skipped="0" failures="0" errors="0" timestamp="2020-01-06T09:14:38" hostname="LAPTOP-1KLMQELM" time="0.005">
  <properties/>
  <testcase name="isEmptyBoard" classname="GameTest" time="0.005"/>
  <system-out><![CDATA[]]></system-out>
  <system-err><![CDATA[]]></system-err>
</testsuite>
