<?xml version="1.0" encoding="UTF-8"?>
<testsuite name="GameTest" tests="8" skipped="0" failures="0" errors="0" timestamp="2020-01-07T17:46:17" hostname="cli108-201.wireless-s.units.it" time="0.038">
  <properties/>
  <testcase name="testNextPlayer" classname="GameTest" time="0.009"/>
  <testcase name="testOccupiedCellToStringReturnsPreviousBoard" classname="GameTest" time="0.009"/>
  <testcase name="whenXOutsideBoardThenOutOfBoundsException" classname="GameTest" time="0.002"/>
  <testcase name="whenYOutsideBoardThenOutOfBoundsException" classname="GameTest" time="0.002"/>
  <testcase name="isSizeEightBoardEmpty" classname="GameTest" time="0.002"/>
  <testcase name="testNonAdjacentCellToStringReturnsPreviousBoard" classname="GameTest" time="0.002"/>
  <testcase name="isSizeTenBoardEmpty" classname="GameTest" time="0.003"/>
  <testcase name="checkFirstMove" classname="GameTest" time="0.002"/>
  <system-out><![CDATA[Cell is already occupied!
11 is out of bounds!
11 is out of bounds!
This move must be adjacent to [1, 1]!
]]></system-out>
  <system-err><![CDATA[]]></system-err>
</testsuite>
