<?xml version="1.0" encoding="UTF-8"?>
<testsuite name="DiagonalExtractorTest" tests="4" skipped="0" failures="0" errors="0" timestamp="2020-01-10T10:41:57" hostname="cli233-35.wireless-s.units.it" time="0.004">
  <properties/>
  <testcase name="thirdUpperDiagonalExtractor" classname="DiagonalExtractorTest" time="0.003"/>
  <testcase name="firstUpperDiagonalExtractor" classname="DiagonalExtractorTest" time="0.001"/>
  <testcase name="thirdLowerDiagonalExtractor" classname="DiagonalExtractorTest" time="0.0"/>
  <testcase name="mainDiagonalExtractor" classname="DiagonalExtractorTest" time="0.0"/>
  <system-out><![CDATA[]]></system-out>
  <system-err><![CDATA[]]></system-err>
</testsuite>
