<?xml version="1.0" encoding="UTF-8"?>
<testsuite name="winningtest.WinnerTest" tests="1" skipped="0" failures="0" errors="0" timestamp="2020-01-14T17:26:31" hostname="cli-10-105-11-85.wireless-s.units.it" time="0.016">
  <properties/>
  <testcase name="theGameIsDrawn" classname="winningtest.WinnerTest" time="0.016"/>
  <system-out><![CDATA[]]></system-out>
  <system-err><![CDATA[]]></system-err>
</testsuite>
