<?xml version="1.0" encoding="UTF-8"?>
<testsuite name="test.input.UserInputTest" tests="5" skipped="0" failures="0" errors="0" timestamp="2020-01-16T16:37:49" hostname="LAPTOP-1KLMQELM" time="0.033">
  <properties/>
  <testcase name="whenNotIntegerInputAnExceptionIsCaught" classname="test.input.UserInputTest" time="0.012"/>
  <testcase name="getMoveWorksWithBoardWithSizeDifferentThanTen" classname="test.input.UserInputTest" time="0.011"/>
  <testcase name="whenSingleInputAnExceptionIsCaught" classname="test.input.UserInputTest" time="0.001"/>
  <testcase name="playFirstCell" classname="test.input.UserInputTest" time="0.005"/>
  <testcase name="whenOutOfBoundsAnExceptionIsCaught" classname="test.input.UserInputTest" time="0.001"/>
  <system-out><![CDATA[For input string: "e"
null
You must insert two numbers in the range 1-10!
Index 1 out of bounds for length 1
You must insert two numbers in the range 1-10!
]]></system-out>
  <system-err><![CDATA[]]></system-err>
</testsuite>
