<?xml version="1.0" encoding="UTF-8"?>
<testsuite name="test.game.MoverTest" tests="3" skipped="0" failures="0" errors="0" timestamp="2020-01-16T11:02:11" hostname="cli225-67.wireless-s.units.it" time="0.059">
  <properties/>
  <testcase name="testOccupiedCellToStringReturnsPreviousBoard" classname="test.game.MoverTest" time="0.054"/>
  <testcase name="testNonAdjacentCellToStringReturnsPreviousBoard" classname="test.game.MoverTest" time="0.001"/>
  <testcase name="checkFirstMove" classname="test.game.MoverTest" time="0.003"/>
  <system-out><![CDATA[Cell is already occupied!
This move must be adjacent to [1, 1]!
]]></system-out>
  <system-err><![CDATA[]]></system-err>
</testsuite>
