<?xml version="1.0" encoding="UTF-8"?>
<testsuite name="test.winning.WinnerTest" tests="5" skipped="0" failures="0" errors="0" timestamp="2020-01-16T21:05:47" hostname="LAPTOP-1KLMQELM" time="0.069">
  <properties/>
  <testcase name="blackScoreis23" classname="test.winning.WinnerTest" time="0.038"/>
  <testcase name="whiteScoreis15" classname="test.winning.WinnerTest" time="0.005"/>
  <testcase name="blackScoreIsTheSameAsWhite" classname="test.winning.WinnerTest" time="0.009"/>
  <testcase name="theGameIsDrawn" classname="test.winning.WinnerTest" time="0.007"/>
  <testcase name="blackIsWinner" classname="test.winning.WinnerTest" time="0.006"/>
  <system-out><![CDATA[]]></system-out>
  <system-err><![CDATA[]]></system-err>
</testsuite>
