<?xml version="1.0" encoding="UTF-8"?>
<testsuite name="WinTest" tests="5" skipped="0" failures="0" errors="0" timestamp="2020-01-10T17:58:35" hostname="cli-10-105-6-29.wireless-s.units.it" time="0.013">
  <properties/>
  <testcase name="testAntiDiagonalBlackCount" classname="WinTest" time="0.007"/>
  <testcase name="testVerticalBlackCount" classname="WinTest" time="0.001"/>
  <testcase name="testHorizontalBlackCount" classname="WinTest" time="0.0"/>
  <testcase name="testDiagonalBlackCount" classname="WinTest" time="0.001"/>
  <testcase name="testTotalBlackCount" classname="WinTest" time="0.002"/>
  <system-out><![CDATA[]]></system-out>
  <system-err><![CDATA[]]></system-err>
</testsuite>
