<?xml version="1.0" encoding="UTF-8"?>
<testsuite name="test.winning.WinnerTest" tests="5" skipped="0" failures="0" errors="0" timestamp="2020-01-23T15:16:33" hostname="cli225-82.wireless-s.units.it" time="0.031">
  <properties/>
  <testcase name="blackScoreis23" classname="test.winning.WinnerTest" time="0.018"/>
  <testcase name="whiteScoreis15" classname="test.winning.WinnerTest" time="0.002"/>
  <testcase name="blackScoreIsTheSameAsWhite" classname="test.winning.WinnerTest" time="0.003"/>
  <testcase name="theGameIsDrawn" classname="test.winning.WinnerTest" time="0.003"/>
  <testcase name="blackIsWinner" classname="test.winning.WinnerTest" time="0.003"/>
  <system-out><![CDATA[]]></system-out>
  <system-err><![CDATA[]]></system-err>
</testsuite>
