<?xml version="1.0" encoding="UTF-8"?>
<testsuite name="MoverTest" tests="5" skipped="0" failures="0" errors="0" timestamp="2020-01-14T08:48:14" hostname="LAPTOP-1KLMQELM" time="0.048">
  <properties/>
  <testcase name="testOccupiedCellToStringReturnsPreviousBoard" classname="MoverTest" time="0.04"/>
  <testcase name="whenXOutsideBoardThenOutOfBoundsException" classname="MoverTest" time="0.002"/>
  <testcase name="whenYOutsideBoardThenOutOfBoundsException" classname="MoverTest" time="0.002"/>
  <testcase name="testNonAdjacentCellToStringReturnsPreviousBoard" classname="MoverTest" time="0.001"/>
  <testcase name="checkFirstMove" classname="MoverTest" time="0.001"/>
  <system-out><![CDATA[Cell is already occupied!
11 is out of bounds!
11 is out of bounds!
This move must be adjacent to [1, 1]!
]]></system-out>
  <system-err><![CDATA[]]></system-err>
</testsuite>
