<?xml version="1.0" encoding="UTF-8"?>
<testsuite name="GameTest" tests="10" skipped="0" failures="0" errors="0" timestamp="2020-01-08T16:36:57" hostname="cli233-35.wireless-s.units.it" time="0.021">
  <properties/>
  <testcase name="testNextPlayer" classname="GameTest" time="0.009"/>
  <testcase name="testOccupiedCellToStringReturnsPreviousBoard" classname="GameTest" time="0.005"/>
  <testcase name="testNextMoveIsFreedom" classname="GameTest" time="0.002"/>
  <testcase name="testNextMoveIsFreedomBorder" classname="GameTest" time="0.0"/>
  <testcase name="whenXOutsideBoardThenOutOfBoundsException" classname="GameTest" time="0.001"/>
  <testcase name="whenYOutsideBoardThenOutOfBoundsException" classname="GameTest" time="0.001"/>
  <testcase name="isSizeEightBoardEmpty" classname="GameTest" time="0.0"/>
  <testcase name="testNonAdjacentCellToStringReturnsPreviousBoard" classname="GameTest" time="0.0"/>
  <testcase name="isSizeTenBoardEmpty" classname="GameTest" time="0.001"/>
  <testcase name="checkFirstMove" classname="GameTest" time="0.0"/>
  <system-out><![CDATA[Cell is already occupied!
11 is out of bounds!
11 is out of bounds!
This move must be adjacent to [1, 1]!
]]></system-out>
  <system-err><![CDATA[]]></system-err>
</testsuite>
